<?xml version="1.0" encoding="UTF-8"?>
<!-- Generated by org.testng.reporters.JUnitReportReporter -->
<testsuite skipped="0" hostname="Lenovo-RV-S145" name="org.test.Viki" tests="1" failures="0" timestamp="10 Sep 2020 06:12:31 GMT" time="0.010" errors="0">
  <testcase name="tc" time="0.010" classname="org.test.Viki"/>
</testsuite> <!-- org.test.Viki -->
