<?xml version="1.0" encoding="UTF-8"?>
<!-- Generated by org.testng.reporters.JUnitReportReporter -->
<testsuite name="org.test.DataProviderS" tests="10" time="58.209" ignored="0" failures="0" timestamp="16 Sep 2020 09:14:59 GMT" skipped="0" hostname="Lenovo-RV-S145" errors="0">
  <testcase name="search" time="5.941" classname="org.test.DataProviderS"/>
  <testcase name="search" time="5.679" classname="org.test.DataProviderS"/>
  <testcase name="search" time="6.239" classname="org.test.DataProviderS"/>
  <testcase name="search" time="5.500" classname="org.test.DataProviderS"/>
  <testcase name="search" time="5.688" classname="org.test.DataProviderS"/>
  <testcase name="search" time="5.509" classname="org.test.DataProviderS"/>
  <testcase name="search" time="6.707" classname="org.test.DataProviderS"/>
  <testcase name="search" time="5.694" classname="org.test.DataProviderS"/>
  <testcase name="search" time="5.454" classname="org.test.DataProviderS"/>
  <testcase name="search" time="5.798" classname="org.test.DataProviderS"/>
</testsuite> <!-- org.test.DataProviderS -->
