<?xml version="1.0" encoding="UTF-8"?>
<!-- Generated by org.testng.reporters.JUnitReportReporter -->
<testsuite skipped="0" hostname="Lenovo-RV-S145" name="org.test.Task1_adactin" tests="2" failures="0" timestamp="14 Sep 2020 05:59:28 GMT" time="0.014" errors="0">
  <testcase name="tc" time="0.013" classname="org.test.Task1_adactin"/>
  <testcase name="tc2" time="0.001" classname="org.test.Task1_adactin"/>
</testsuite> <!-- org.test.Task1_adactin -->
